TN:
SF:/Users/admi/Sites/anivue/src/components/Hello.vue
FNF:0
FNH:0
DA:12,1
LF:1
LH:1
BRF:0
BRH:0
end_of_record
TN:
SF:/Users/admi/Sites/anivue/src/App.vue
FNF:0
FNH:0
LF:0
LH:0
BRF:0
BRH:0
end_of_record
TN:
SF:/Users/admi/Sites/anivue/src/components/Chart.vue
FNF:0
FNH:0
LF:0
LH:0
BRF:0
BRH:0
end_of_record
TN:
SF:/Users/admi/Sites/anivue/src/components/Years.vue
FN:12,(anonymous_0)
FNF:1
FNH:1
FNDA:85,(anonymous_0)
DA:12,1
DA:13,85
LF:2
LH:2
BRF:0
BRH:0
end_of_record
TN:
SF:/Users/admi/Sites/anivue/src/router/index.js
FNF:0
FNH:0
DA:5,1
LF:1
LH:1
BRF:0
BRH:0
end_of_record
